<?xml version="1.0" encoding="UTF-8"?>
<!-- Generated by org.testng.reporters.JUnitReportReporter -->
<testsuite hostname="DESKTOP-E7QUSP4" failures="0" tests="4" name="learnAPI.Practice" time="17.793" errors="0" timestamp="2023-10-26T16:20:44 IST" skipped="0">
  <testcase classname="learnAPI.Practice" name="addAssociate" time="3.468"/>
  <testcase classname="learnAPI.Practice" name="updateAssociate" time="7.459"/>
  <testcase classname="learnAPI.Practice" name="getAssociate" time="3.806"/>
  <testcase classname="learnAPI.Practice" name="deleteAssociate" time="3.060"/>
</testsuite> <!-- learnAPI.Practice -->
